0 info it worked if it ends with ok
1 verbose cli [ 'node', '/usr/local/bin/npm', 'install', '-g', 'mongojs' ]
2 info using npm@1.4.28
3 info using node@v0.10.33
4 verbose cache add [ 'mongojs', null ]
5 verbose cache add name=undefined spec="mongojs" args=["mongojs",null]
6 verbose parsed url { protocol: null,
6 verbose parsed url   slashes: null,
6 verbose parsed url   auth: null,
6 verbose parsed url   host: null,
6 verbose parsed url   port: null,
6 verbose parsed url   hostname: null,
6 verbose parsed url   hash: null,
6 verbose parsed url   search: null,
6 verbose parsed url   query: null,
6 verbose parsed url   pathname: 'mongojs',
6 verbose parsed url   path: 'mongojs',
6 verbose parsed url   href: 'mongojs' }
7 silly lockFile 5bfdf85a-mongojs mongojs
8 verbose lock mongojs /Users/vildantursic/.npm/5bfdf85a-mongojs.lock
9 silly lockFile 5bfdf85a-mongojs mongojs
10 silly lockFile 5bfdf85a-mongojs mongojs
11 verbose addNamed [ 'mongojs', '' ]
12 verbose addNamed [ null, '*' ]
13 silly lockFile 9d373183-mongojs mongojs@
14 verbose lock mongojs@ /Users/vildantursic/.npm/9d373183-mongojs.lock
15 silly addNameRange { name: 'mongojs', range: '*', hasData: false }
16 verbose request where is /mongojs
17 verbose request registry https://registry.npmjs.org/
18 verbose request id 244122df790b5b08
19 verbose url raw /mongojs
20 verbose url resolving [ 'https://registry.npmjs.org/', './mongojs' ]
21 verbose url resolved https://registry.npmjs.org/mongojs
22 verbose request where is https://registry.npmjs.org/mongojs
23 info trying registry request attempt 1 at 14:33:13
24 http GET https://registry.npmjs.org/mongojs
25 http 200 https://registry.npmjs.org/mongojs
26 silly registry.get cb [ 200,
26 silly registry.get   { date: 'Mon, 15 Dec 2014 13:33:15 GMT',
26 silly registry.get     server: 'CouchDB/1.5.0 (Erlang OTP/R16B03)',
26 silly registry.get     etag: '"T8IXE8GCGTYB3DAPQWCAN2VW"',
26 silly registry.get     'content-type': 'application/json',
26 silly registry.get     'cache-control': 'max-age=60',
26 silly registry.get     'content-length': '99322',
26 silly registry.get     'accept-ranges': 'bytes',
26 silly registry.get     via: '1.1 varnish',
26 silly registry.get     age: '0',
26 silly registry.get     'x-served-by': 'cache-lcy1134-LCY',
26 silly registry.get     'x-cache': 'HIT',
26 silly registry.get     'x-cache-hits': '1',
26 silly registry.get     'x-timer': 'S1418650395.230928,VS0,VE154',
26 silly registry.get     vary: 'Accept',
26 silly registry.get     'keep-alive': 'timeout=10, max=50',
26 silly registry.get     connection: 'Keep-Alive' } ]
27 silly addNameRange number 2 { name: 'mongojs', range: '*', hasData: true }
28 silly addNameRange versions [ 'mongojs',
28 silly addNameRange   [ '0.1.0',
28 silly addNameRange     '0.1.1',
28 silly addNameRange     '0.1.4',
28 silly addNameRange     '0.1.5',
28 silly addNameRange     '0.1.6',
28 silly addNameRange     '0.1.8',
28 silly addNameRange     '0.1.9',
28 silly addNameRange     '0.2.0',
28 silly addNameRange     '0.2.1',
28 silly addNameRange     '0.2.2',
28 silly addNameRange     '0.2.3',
28 silly addNameRange     '0.2.4',
28 silly addNameRange     '0.2.5',
28 silly addNameRange     '0.2.6',
28 silly addNameRange     '0.3.0',
28 silly addNameRange     '0.3.1',
28 silly addNameRange     '0.3.2',
28 silly addNameRange     '0.4.0',
28 silly addNameRange     '0.4.1',
28 silly addNameRange     '0.4.2',
28 silly addNameRange     '0.4.3',
28 silly addNameRange     '0.4.4',
28 silly addNameRange     '0.4.5',
28 silly addNameRange     '0.4.6',
28 silly addNameRange     '0.5.0',
28 silly addNameRange     '0.5.1',
28 silly addNameRange     '0.6.0',
28 silly addNameRange     '0.6.1',
28 silly addNameRange     '0.6.2',
28 silly addNameRange     '0.6.3',
28 silly addNameRange     '0.6.4',
28 silly addNameRange     '0.7.0',
28 silly addNameRange     '0.7.1',
28 silly addNameRange     '0.7.2',
28 silly addNameRange     '0.7.3',
28 silly addNameRange     '0.7.4',
28 silly addNameRange     '0.7.5',
28 silly addNameRange     '0.7.6',
28 silly addNameRange     '0.7.7',
28 silly addNameRange     '0.7.8',
28 silly addNameRange     '0.7.9',
28 silly addNameRange     '0.7.10',
28 silly addNameRange     '0.7.11',
28 silly addNameRange     '0.7.13',
28 silly addNameRange     '0.7.14',
28 silly addNameRange     '0.7.15',
28 silly addNameRange     '0.7.16',
28 silly addNameRange     '0.7.17',
28 silly addNameRange     '0.8.0',
28 silly addNameRange     '0.8.1',
28 silly addNameRange     '0.9.0',
28 silly addNameRange     '0.9.1',
28 silly addNameRange     '0.9.2',
28 silly addNameRange     '0.9.3',
28 silly addNameRange     '0.9.4',
28 silly addNameRange     '0.9.5',
28 silly addNameRange     '0.9.6',
28 silly addNameRange     '0.9.7',
28 silly addNameRange     '0.9.8',
28 silly addNameRange     '0.9.9',
28 silly addNameRange     '0.9.10',
28 silly addNameRange     '0.9.11',
28 silly addNameRange     '0.10.0',
28 silly addNameRange     '0.10.1',
28 silly addNameRange     '0.11.0',
28 silly addNameRange     '0.11.1',
28 silly addNameRange     '0.12.0',
28 silly addNameRange     '0.12.1',
28 silly addNameRange     '0.13.0',
28 silly addNameRange     '0.13.1',
28 silly addNameRange     '0.14.0',
28 silly addNameRange     '0.14.1',
28 silly addNameRange     '0.14.2',
28 silly addNameRange     '0.15.0',
28 silly addNameRange     '0.15.1',
28 silly addNameRange     '0.16.0',
28 silly addNameRange     '0.17.0',
28 silly addNameRange     '0.18.0' ] ]
29 verbose addNamed [ 'mongojs', '0.18.0' ]
30 verbose addNamed [ '0.18.0', '0.18.0' ]
31 silly lockFile 6bfb67a5-mongojs-0-18-0 mongojs@0.18.0
32 verbose lock mongojs@0.18.0 /Users/vildantursic/.npm/6bfb67a5-mongojs-0-18-0.lock
33 silly lockFile a5770b38-s-org-mongojs-mongojs-0-18-0-tgz https://registry.npmjs.org/mongojs/-/mongojs-0.18.0.tgz
34 verbose lock https://registry.npmjs.org/mongojs/-/mongojs-0.18.0.tgz /Users/vildantursic/.npm/a5770b38-s-org-mongojs-mongojs-0-18-0-tgz.lock
35 verbose addRemoteTarball [ 'https://registry.npmjs.org/mongojs/-/mongojs-0.18.0.tgz',
35 verbose addRemoteTarball   '05e8a3dd8ea579fb154e1cb03a8e69aac07afd66' ]
36 info retry fetch attempt 1 at 14:33:15
37 verbose fetch to= /var/folders/74/fszl68fn1xg260m7ksnjpygw0000gn/T/npm-2503-F9eApjgI/registry.npmjs.org/mongojs/-/mongojs-0.18.0.tgz
38 http GET https://registry.npmjs.org/mongojs/-/mongojs-0.18.0.tgz
39 http 200 https://registry.npmjs.org/mongojs/-/mongojs-0.18.0.tgz
40 silly lockFile a5770b38-s-org-mongojs-mongojs-0-18-0-tgz https://registry.npmjs.org/mongojs/-/mongojs-0.18.0.tgz
41 silly lockFile a5770b38-s-org-mongojs-mongojs-0-18-0-tgz https://registry.npmjs.org/mongojs/-/mongojs-0.18.0.tgz
42 silly lockFile 6bfb67a5-mongojs-0-18-0 mongojs@0.18.0
43 silly lockFile 6bfb67a5-mongojs-0-18-0 mongojs@0.18.0
44 silly lockFile 9d373183-mongojs mongojs@
45 silly lockFile 9d373183-mongojs mongojs@
46 silly resolved [ { name: 'mongojs',
46 silly resolved     description: 'Easy to use module that implements the mongo api',
46 silly resolved     keywords: [ 'mongo', 'db', 'mongodb' ],
46 silly resolved     version: '0.18.0',
46 silly resolved     repository: { type: 'git', url: 'git://github.com/mafintosh/mongojs.git' },
46 silly resolved     author: { name: 'Mathias Buus Madsen', email: 'mathiasbuus@gmail.com' },
46 silly resolved     contributors:
46 silly resolved      [ [Object],
46 silly resolved        [Object],
46 silly resolved        [Object],
46 silly resolved        [Object],
46 silly resolved        [Object],
46 silly resolved        [Object],
46 silly resolved        [Object],
46 silly resolved        [Object],
46 silly resolved        [Object],
46 silly resolved        [Object],
46 silly resolved        [Object],
46 silly resolved        [Object],
46 silly resolved        [Object] ],
46 silly resolved     dependencies:
46 silly resolved      { thunky: '~0.1.0',
46 silly resolved        'readable-stream': '~1.1.9',
46 silly resolved        mongodb: '1.4.19' },
46 silly resolved     scripts: { test: 'tape test/test-*.js; echo "Harmony tests"; node --harmony node_modules/tape/bin/tape test/test-*.js' },
46 silly resolved     devDependencies:
46 silly resolved      { 'concat-stream': '^1.4.6',
46 silly resolved        'each-series': '^0.2.0',
46 silly resolved        tape: '^2.13.4' },
46 silly resolved     gitHead: 'e760c809a0c7827b5056c5f58a4c9c61c3d78c5c',
46 silly resolved     bugs: { url: 'https://github.com/mafintosh/mongojs/issues' },
46 silly resolved     homepage: 'https://github.com/mafintosh/mongojs',
46 silly resolved     _id: 'mongojs@0.18.0',
46 silly resolved     _shasum: '05e8a3dd8ea579fb154e1cb03a8e69aac07afd66',
46 silly resolved     _from: 'mongojs@',
46 silly resolved     _npmVersion: '1.4.21',
46 silly resolved     _npmUser: { name: 'sorribas', email: 'eduardo@sorribas.org' },
46 silly resolved     maintainers: [ [Object], [Object] ],
46 silly resolved     dist:
46 silly resolved      { shasum: '05e8a3dd8ea579fb154e1cb03a8e69aac07afd66',
46 silly resolved        tarball: 'http://registry.npmjs.org/mongojs/-/mongojs-0.18.0.tgz' },
46 silly resolved     directories: {},
46 silly resolved     _resolved: 'https://registry.npmjs.org/mongojs/-/mongojs-0.18.0.tgz' } ]
47 info install mongojs@0.18.0 into /usr/local/lib
48 info installOne mongojs@0.18.0
49 verbose lib/node_modules/mongojs unbuild
50 verbose tar unpack /Users/vildantursic/.npm/mongojs/0.18.0/package.tgz
51 silly lockFile 23529455-r-local-lib-node-modules-mongojs tar:///usr/local/lib/node_modules/mongojs
52 verbose lock tar:///usr/local/lib/node_modules/mongojs /Users/vildantursic/.npm/23529455-r-local-lib-node-modules-mongojs.lock
53 silly lockFile 118e6591-c-npm-mongojs-0-18-0-package-tgz tar:///Users/vildantursic/.npm/mongojs/0.18.0/package.tgz
54 verbose lock tar:///Users/vildantursic/.npm/mongojs/0.18.0/package.tgz /Users/vildantursic/.npm/118e6591-c-npm-mongojs-0-18-0-package-tgz.lock
55 silly gunzTarPerm modes [ '755', '644' ]
56 error Error: EACCES, mkdir '/usr/local/lib/node_modules/mongojs'
56 error  { [Error: EACCES, mkdir '/usr/local/lib/node_modules/mongojs']
56 error   errno: 3,
56 error   code: 'EACCES',
56 error   path: '/usr/local/lib/node_modules/mongojs',
56 error   fstream_type: 'Directory',
56 error   fstream_path: '/usr/local/lib/node_modules/mongojs',
56 error   fstream_class: 'DirWriter',
56 error   fstream_stack:
56 error    [ '/usr/local/lib/node_modules/npm/node_modules/fstream/lib/dir-writer.js:36:23',
56 error      '/usr/local/lib/node_modules/npm/node_modules/mkdirp/index.js:46:53',
56 error      'Object.oncomplete (fs.js:107:15)' ] }
57 error Please try running this command again as root/Administrator.
58 error System Darwin 14.0.0
59 error command "node" "/usr/local/bin/npm" "install" "-g" "mongojs"
60 error cwd /Users/vildantursic/Documents/CODE/MIS
61 error node -v v0.10.33
62 error npm -v 1.4.28
63 error path /usr/local/lib/node_modules/mongojs
64 error fstream_path /usr/local/lib/node_modules/mongojs
65 error fstream_type Directory
66 error fstream_class DirWriter
67 error code EACCES
68 error errno 3
69 error stack Error: EACCES, mkdir '/usr/local/lib/node_modules/mongojs'
70 error fstream_stack /usr/local/lib/node_modules/npm/node_modules/fstream/lib/dir-writer.js:36:23
70 error fstream_stack /usr/local/lib/node_modules/npm/node_modules/mkdirp/index.js:46:53
70 error fstream_stack Object.oncomplete (fs.js:107:15)
71 verbose exit [ 3, true ]
